info: PhotoLibrary.CameraManager[0]
      Updating cameras.db at /var/home/maxfridbe/.config/PhotoLibrary/cameras.db
info: PhotoLibrary.Program[0]
      Starting Web Server on localhost:8080...
info: PhotoLibrary.Program[0]
        Library: /var/home/maxfridbe/.config/PhotoLibrary/library.db
info: PhotoLibrary.Program[0]
        Previews: /var/home/maxfridbe/.config/PhotoLibrary/previews.db
info: WebServer[0]
      ImageMagick Resource Limits: Memory=512MB, Area=1024MB
info: WebServer[0]
      Starting 8 background image worker threads.
info: Microsoft.Hosting.Lifetime[14]
      Now listening on: http://localhost:8080
info: Microsoft.Hosting.Lifetime[0]
      Application started. Press Ctrl+C to shut down.
info: Microsoft.Hosting.Lifetime[0]
      Hosting environment: Production
info: Microsoft.Hosting.Lifetime[0]
      Content root path: /var/home/maxfridbe/Scripts/photo/PhotoLibrary
info: WebServer[0]
      [MONITOR] Memory: WorkingSet=163MB, Private=312MB, ActiveMagick=0
info: WebServer[0]
      [MONITOR] Memory: WorkingSet=163MB, Private=312MB, ActiveMagick=0
info: WebServer[0]
      [MONITOR] Memory: WorkingSet=164MB, Private=272MB, ActiveMagick=0
info: WebServer[0]
      [MONITOR] Memory: WorkingSet=165MB, Private=273MB, ActiveMagick=0
info: WebServer[0]
      [MONITOR] Memory: WorkingSet=165MB, Private=273MB, ActiveMagick=0
info: WebServer[0]
      [MONITOR] Memory: WorkingSet=164MB, Private=273MB, ActiveMagick=0
info: WebServer[0]
      [MONITOR] Memory: WorkingSet=164MB, Private=273MB, ActiveMagick=0
info: WebServer[0]
      [MONITOR] Memory: WorkingSet=164MB, Private=273MB, ActiveMagick=0
info: WebServer[0]
      [MONITOR] Memory: WorkingSet=164MB, Private=273MB, ActiveMagick=0
info: WebServer[0]
      [MONITOR] Memory: WorkingSet=164MB, Private=273MB, ActiveMagick=0
info: WebServer[0]
      [MONITOR] Memory: WorkingSet=164MB, Private=273MB, ActiveMagick=0
info: Microsoft.AspNetCore.Hosting.Diagnostics[1]
      Request starting HTTP/1.1 POST http://localhost:8080/api/export/prepare - application/json 89
info: Microsoft.AspNetCore.Routing.EndpointMiddleware[0]
      Executing endpoint 'HTTP: POST /api/export/prepare'
info: Microsoft.AspNetCore.Http.Result.OkObjectResult[1]
      Setting HTTP status code 200.
info: Microsoft.AspNetCore.Http.Result.OkObjectResult[3]
      Writing value of type '<>f__AnonymousType14`1' as Json.
info: Microsoft.AspNetCore.Routing.EndpointMiddleware[1]
      Executed endpoint 'HTTP: POST /api/export/prepare'
info: Microsoft.AspNetCore.Hosting.Diagnostics[2]
      Request finished HTTP/1.1 POST http://localhost:8080/api/export/prepare - 200 - application/json;+charset=utf-8 122.5123ms
info: Microsoft.AspNetCore.Hosting.Diagnostics[1]
      Request starting HTTP/1.1 GET http://localhost:8080/api/export/download?token=3e82c875-ba75-4cf4-a838-70c80e4d9019 - - -
info: Microsoft.AspNetCore.Routing.EndpointMiddleware[0]
      Executing endpoint 'HTTP: GET /api/export/download'
info: WebServer[0]
      [MONITOR] Memory: WorkingSet=181MB, Private=280MB, ActiveMagick=0
info: Microsoft.AspNetCore.Hosting.Diagnostics[1]
      Request starting HTTP/1.1 GET http://localhost:8080/ws?clientId=9or8n526fop - - -
info: Microsoft.AspNetCore.Routing.EndpointMiddleware[0]
      Executing endpoint 'HTTP: GET /ws'
warn: WebServer[0]
      [EXPORT] File does not exist on disk: /var/home/maxfridbe/Pictures/raid/2010/2010-04-17/DSC_0012.NEF
info: Microsoft.AspNetCore.Routing.EndpointMiddleware[1]
      Executed endpoint 'HTTP: GET /api/export/download'
info: Microsoft.AspNetCore.Hosting.Diagnostics[2]
      Request finished HTTP/1.1 GET http://localhost:8080/api/export/download?token=3e82c875-ba75-4cf4-a838-70c80e4d9019 - 200 - application/zip 10102.2006ms
info: WebServer[0]
      [MONITOR] Memory: WorkingSet=184MB, Private=280MB, ActiveMagick=0
info: WebServer[0]
      [MONITOR] Memory: WorkingSet=184MB, Private=280MB, ActiveMagick=0
info: WebServer[0]
      [MONITOR] Memory: WorkingSet=184MB, Private=280MB, ActiveMagick=0
info: WebServer[0]
      [MONITOR] Memory: WorkingSet=185MB, Private=280MB, ActiveMagick=0
info: WebServer[0]
      [MONITOR] Memory: WorkingSet=185MB, Private=280MB, ActiveMagick=0
info: WebServer[0]
      [MONITOR] Memory: WorkingSet=185MB, Private=280MB, ActiveMagick=0
info: WebServer[0]
      [MONITOR] Memory: WorkingSet=185MB, Private=280MB, ActiveMagick=0
info: WebServer[0]
      [MONITOR] Memory: WorkingSet=185MB, Private=280MB, ActiveMagick=0
info: WebServer[0]
      [MONITOR] Memory: WorkingSet=185MB, Private=281MB, ActiveMagick=0
info: WebServer[0]
      [MONITOR] Memory: WorkingSet=185MB, Private=281MB, ActiveMagick=0
info: WebServer[0]
      [MONITOR] Memory: WorkingSet=185MB, Private=281MB, ActiveMagick=0
info: WebServer[0]
      [MONITOR] Memory: WorkingSet=185MB, Private=281MB, ActiveMagick=0
info: WebServer[0]
      [MONITOR] Memory: WorkingSet=185MB, Private=281MB, ActiveMagick=0
info: WebServer[0]
      [MONITOR] Memory: WorkingSet=185MB, Private=281MB, ActiveMagick=0
info: WebServer[0]
      [MONITOR] Memory: WorkingSet=185MB, Private=281MB, ActiveMagick=0
info: WebServer[0]
      [MONITOR] Memory: WorkingSet=185MB, Private=281MB, ActiveMagick=0
info: WebServer[0]
      [MONITOR] Memory: WorkingSet=186MB, Private=281MB, ActiveMagick=0
info: WebServer[0]
      [MONITOR] Memory: WorkingSet=186MB, Private=281MB, ActiveMagick=0
info: WebServer[0]
      [MONITOR] Memory: WorkingSet=186MB, Private=281MB, ActiveMagick=0
info: WebServer[0]
      [MONITOR] Memory: WorkingSet=186MB, Private=281MB, ActiveMagick=0
info: WebServer[0]
      [MONITOR] Memory: WorkingSet=186MB, Private=281MB, ActiveMagick=0
info: WebServer[0]
      [MONITOR] Memory: WorkingSet=186MB, Private=281MB, ActiveMagick=0
info: WebServer[0]
      [MONITOR] Memory: WorkingSet=186MB, Private=281MB, ActiveMagick=0
info: WebServer[0]
      [MONITOR] Memory: WorkingSet=186MB, Private=281MB, ActiveMagick=0
info: WebServer[0]
      [MONITOR] Memory: WorkingSet=186MB, Private=281MB, ActiveMagick=0
info: WebServer[0]
      [MONITOR] Memory: WorkingSet=186MB, Private=281MB, ActiveMagick=0
info: WebServer[0]
      [MONITOR] Memory: WorkingSet=186MB, Private=281MB, ActiveMagick=0
info: WebServer[0]
      [MONITOR] Memory: WorkingSet=186MB, Private=281MB, ActiveMagick=0
info: WebServer[0]
      [MONITOR] Memory: WorkingSet=186MB, Private=281MB, ActiveMagick=0
info: WebServer[0]
      [MONITOR] Memory: WorkingSet=186MB, Private=282MB, ActiveMagick=0
info: WebServer[0]
      [MONITOR] Memory: WorkingSet=185MB, Private=278MB, ActiveMagick=0
info: WebServer[0]
      [MONITOR] Memory: WorkingSet=185MB, Private=278MB, ActiveMagick=0
info: WebServer[0]
      [MONITOR] Memory: WorkingSet=185MB, Private=278MB, ActiveMagick=0
info: WebServer[0]
      [MONITOR] Memory: WorkingSet=185MB, Private=279MB, ActiveMagick=0
info: WebServer[0]
      [MONITOR] Memory: WorkingSet=186MB, Private=279MB, ActiveMagick=0
info: WebServer[0]
      [MONITOR] Memory: WorkingSet=186MB, Private=279MB, ActiveMagick=0
info: Microsoft.Hosting.Lifetime[0]
      Application is shutting down...
info: Microsoft.AspNetCore.Routing.EndpointMiddleware[1]
      Executed endpoint 'HTTP: GET /ws'
info: Microsoft.AspNetCore.Hosting.Diagnostics[2]
      Request finished HTTP/1.1 GET http://localhost:8080/ws?clientId=9or8n526fop - 101 - - 360386.6847ms
