wine: created the configuration directory '/root/.wine'
002c:fixme:actctx:parse_depend_manifests Could not find dependent assembly L"Microsoft.Windows.Common-Controls" (6.0.0.0)
004c:fixme:actctx:parse_depend_manifests Could not find dependent assembly L"Microsoft.Windows.Common-Controls" (6.0.0.0)
0054:fixme:actctx:parse_depend_manifests Could not find dependent assembly L"Microsoft.Windows.Common-Controls" (6.0.0.0)
error: XDG_RUNTIME_DIR not set in the environment.
error: XDG_RUNTIME_DIR not set in the environment.
0054:err:vulkan:vulkan_init_once Failed to load libvulkan.so.1
0054:err:winediag:nodrv_CreateWindow Application tried to create a window, but no driver could be loaded.
0054:err:winediag:nodrv_CreateWindow L"The explorer process failed to start."
0054:err:systray:initialize_systray Could not create tray window
0054:err:ole:StdMarshalImpl_MarshalInterface Failed to create ifstub, hr 0x80004002
0054:err:ole:CoMarshalInterface Failed to marshal the interface {6d5140c1-7436-11ce-8034-00aa006009fa}, hr 0x80004002
0054:err:ole:apartment_get_local_server_stream Failed: 0x80004002
0044:err:winediag:nodrv_CreateWindow Application tried to create a window, but no driver could be loaded.
0044:err:winediag:nodrv_CreateWindow L"Make sure that your display server is running and that its variables are set."
004c:err:winediag:nodrv_CreateWindow Application tried to create a window, but no driver could be loaded.
004c:err:winediag:nodrv_CreateWindow L"Make sure that your display server is running and that its variables are set."
004c:err:ole:apartment_createwindowifneeded CreateWindow failed with error 3
004c:err:ole:apartment_createwindowifneeded CreateWindow failed with error 0
004c:err:ole:apartment_createwindowifneeded CreateWindow failed with error 14007
004c:err:ole:StdMarshalImpl_MarshalInterface Failed to create ifstub, hr 0x800736b7
004c:err:ole:CoMarshalInterface Failed to marshal the interface {6d5140c1-7436-11ce-8034-00aa006009fa}, hr 0x800736b7
004c:err:ole:apartment_get_local_server_stream Failed: 0x800736b7
004c:err:ole:start_rpcss Failed to open RpcSs service
002c:err:winediag:nodrv_CreateWindow Application tried to create a window, but no driver could be loaded.
002c:err:winediag:nodrv_CreateWindow L"Make sure that your display server is running and that its variables are set."
0094:err:winediag:nodrv_CreateWindow Application tried to create a window, but no driver could be loaded.
0094:err:winediag:nodrv_CreateWindow L"Make sure that your display server is running and that its variables are set."
009c:err:winediag:nodrv_CreateWindow Application tried to create a window, but no driver could be loaded.
009c:err:winediag:nodrv_CreateWindow L"Make sure that your display server is running and that its variables are set."
00e0:fixme:msg:pack_message msg 14 (WM_ERASEBKGND) not supported yet
00e0:err:winediag:nodrv_CreateWindow Application tried to create a window, but no driver could be loaded.
00e0:err:winediag:nodrv_CreateWindow L"Make sure that your display server is running and that its variables are set."
002c:err:setupapi:do_file_copyW Unsupported style(s) 0x10
00fc:err:ntoskrnl:ZwLoadDriver failed to create driver L"\\Registry\\Machine\\System\\CurrentControlSet\\Services\\winebth": c00000e5
002c:err:setupapi:SetupDiInstallDevice Failed to start service L"winebth" for device L"ROOT\\WINE\\WINEBTH", error 1359.
002c:err:setupapi:SetupDiInstallDevice Failed to control service L"winebth" for device L"ROOT\\WINE\\WINEBTH", error 1062.
002c:err:setupapi:do_file_copyW Unsupported style(s) 0x10
0124:err:setupapi:do_file_copyW Unsupported style(s) 0x10
002c:err:setupapi:do_file_copyW Unsupported style(s) 0x10
0124:err:setupapi:do_file_copyW Unsupported style(s) 0x10
0150:fixme:file:GetTempPath2W (261, 00007FFFFE27F250) semi-stub
0150:fixme:process:GetProcessGroupAffinity (FFFFFFFFFFFFFFFF,00007FFFFE27F344,0000000000000000): stub
0150:fixme:heap:GetNumaHighestNodeNumber semi-stub: 00007FFFFE27F300
0150:fixme:process:GetProcessGroupAffinity (FFFFFFFFFFFFFFFF,00007FFFFE27F300,0000000000000000): stub
0150:fixme:seh:WerRegisterRuntimeExceptionModule (L"Z:\\src\\dist\\win-x64\\mscordaccore.dll", 0000000140000000) stub
0150:fixme:ntdll:NtQuerySystemInformation info_class SYSTEM_PERFORMANCE_INFORMATION
0150:fixme:ntdll:EtwEventSetInformation (deadbeef, 2, 00007F80828C5D98, 34) stub
0150:fixme:ntdll:EtwEventSetInformation (deadbeef, 2, 00007F80828B9E00, 17) stub
0150:fixme:ntdll:RtlGetCurrentProcessorNumberEx (00007FFFFE27DD50) :semi-stub
0150:fixme:nls:get_dummy_preferred_ui_language (0x8 0x409 00007FFFFE27DF70 0000000000000000 00007FFFFE27DF68) returning a dummy value (current locale)
0150:fixme:nls:get_dummy_preferred_ui_language (0x8 0x409 00007FFFFE27DF70 00007FFFFE27DEC0 00007FFFFE27DF68) returning a dummy value (current locale)
0150:fixme:ntdll:EtwEventSetInformation (deadbeef, 2, 00007F80828C1818, 40) stub
Unhandled exception. System.ArgumentException: An item with the same key has already been added. Key: --version
   at System.Collections.Generic.Dictionary`2.TryInsert(TKey key, TValue value, InsertionBehavior behavior)
   at System.Collections.Generic.Dictionary`2.Add(TKey key, TValue value)
   at System.CommandLine.Parsing.StringExtensions.ValidTokens(Command command)
   at System.CommandLine.Parsing.StringExtensions.Tokenize(IReadOnlyList`1 args, CommandLineConfiguration configuration, Boolean inferRootCommand)
   at System.CommandLine.Parsing.Parser.Parse(IReadOnlyList`1 arguments, String rawInput)
   at System.CommandLine.CommandExtensions.GetDefaultInvocationPipeline(Command command, String[] args)
   at System.CommandLine.CommandExtensions.InvokeAsync(Command command, String[] args, IConsole console)
   at PhotoLibrary.Program.Main(String[] args)
   at PhotoLibrary.Program.<Main>(String[] args)
0150:fixme:advapi:RegisterEventSourceW ((null),L".NET Runtime"): stub
0150:fixme:advapi:ReportEventW (00000000CAFE4242,0x0001,0x0000,0x00000402,0000000000000000,0x0001,0x00000000,00007FFFFE27CAB0,0000000000000000): stub
0150:err:eventlog:ReportEventW L"Application: PhotoLibrary.exe\n"
0150:err:eventlog:ReportEventW L"CoreCLR Version: 8.0.2225.52707\n"
0150:err:eventlog:ReportEventW L".NET Version: 8.0.22\n"
0150:err:eventlog:ReportEventW L"Description: The process was terminated due to an unhandled exception.\n"
0150:err:eventlog:ReportEventW L"Exception Info: System.ArgumentException: An item with the same key has already been added. Key: --version\r\n"
0150:err:eventlog:ReportEventW L"   at System.Collections.Generic.Dictionary`2.TryInsert(TKey key, TValue value, InsertionBehavior behavior)\r\n"
0150:err:eventlog:ReportEventW L"   at System.Collections.Generic.Dictionary`2.Add(TKey key, TValue value)\r\n"
0150:err:eventlog:ReportEventW L"   at System.CommandLine.Parsing.StringExtensions.ValidTokens(Command command)\r\n"
0150:err:eventlog:ReportEventW L"   at System.CommandLine.Parsing.StringExtensions.Tokenize(IReadOnlyList`1 args, CommandLineConfiguration configuration, Boolean inferRootCommand)\r\n"
0150:err:eventlog:ReportEventW L"   at System.CommandLine.Parsing.Parser.Parse(IReadOnlyList`1 arguments, String rawInput)\r\n"
0150:err:eventlog:ReportEventW L"   at System.CommandLine.CommandExtensions.GetDefaultInvocationPipeline(Command command, String[] args)\r\n"
0150:err:eventlog:ReportEventW L"   at System.CommandLine.CommandExtensions.InvokeAsync(Command command, String[] args, IConsole console)\r\n"
0150:err:eventlog:ReportEventW L"   at PhotoLibrary.Program.Main(String[] args)\r\n"
0150:err:eventlog:ReportEventW L"   at PhotoLibrary.Program.<Main>(String[] args)\n"
0150:fixme:advapi:DeregisterEventSource (00000000CAFE4242) stub
wine: Unhandled exception 0xe0434352 in thread 150 at address 00006FFFFF37D887 (thread 0150), starting debugger...
WineDbg attached to pid 014c
016c:err:winediag:nodrv_CreateWindow Application tried to create a window, but no driver could be loaded.
016c:err:winediag:nodrv_CreateWindow L"Make sure that your display server is running and that its variables are set."
016c:fixme:dbghelp:elf_search_auxv can't find symbol in module
Unhandled exception: 0xe0434352 in 64-bit code (0x006fffff37d887).
016c:fixme:dbghelp:elf_search_auxv can't find symbol in module
Register dump:
 rip:00006fffff37d887 rsp:00007ffffe27e910 rbp:00007ffffe27ec20 eflags:00000202 (   - --  I   - - - )
 rax:00007ffffe27e970 rbx:00007ffffe27ea58 rcx:00007ffffe27e930 rdx:0000000000000000
 rsi:0000000000000005 rdi:0000000000000001  r8:0000000140000000  r9:00007ffffe27ea78 r10:00007f4082407200
 r11:00000000e08743b0 r12:00007ffffe27f068 r13:00007ffffe27f070 r14:00000000e0434352 r15:00007ffffe27ed80
Stack dump:
0x007ffffe27e910:  00007ffffe27e930 000000014009ea99
0x007ffffe27e920:  0000000000000000 0000000000000000
0x007ffffe27e930:  00000001e0434352 0000000000000000
0x007ffffe27e940:  00006fffff37d887 0000000100000005
0x007ffffe27e950:  ffffffff80070057 0000000000000000
0x007ffffe27e960:  0000000000000000 0000000000000000
0x007ffffe27e970:  0000000140000000 0000000000000000
0x007ffffe27e980:  00007f80833122c8 0000000000000014
0x007ffffe27e990:  00007ffffe8a06b0 00000001400b3618
0x007ffffe27e9a0:  0000000000000000 0000000000000000
0x007ffffe27e9b0:  00007ffffe8a06b0 00007ffffe27eb08
0x007ffffe27e9c0:  00007f4000000001 00000001400a39d0
Backtrace:
=>0 0x006fffff37d887 in kernelbase (+0xd887) (0x007ffffe27ec20)
  1 0x0000014004d4a7 in photolibrary (+0x4d4a7) (0x007ffffe27ec20)
  2 0x000001401585b4 in photolibrary (+0x1585b4) (0x007ffffe27ec20)
0x006fffff37d887 kernelbase+0xd887: addq $0xc8, %rsp
Modules:
Module  Address                                 Debug info      Name (62 modules)
PE             140000000-       14094e000       --none--        photolibrary
PE          6ffff9730000-    6ffffadec000       Deferred        magick.native-q8-x64
PE-Wine     6ffffae40000-    6ffffae64000       Deferred        nsi
PE-Wine     6ffffae80000-    6ffffaecf000       Deferred        dnsapi
PE-Wine     6ffffaee0000-    6ffffaf85000       Deferred        iphlpapi
PE-Wine     6ffffb230000-    6ffffb24f000       Deferred        version
PE-Wine     6ffffb260000-    6ffffb55b000       Deferred        gdiplus
PE-Wine     6ffffb570000-    6ffffb5d4000       Deferred        mpr
PE-Wine     6ffffb5f0000-    6ffffb83a000       Deferred        wininet
PE-Wine     6ffffb850000-    6ffffbaff000       Deferred        urlmon
PE-Wine     6ffffbb10000-    6ffffbb96000       Deferred        bcrypt
PE-Wine     6ffffbbb0000-    6ffffbf38000       Deferred        oleaut32
PE-Wine     6ffffc1a0000-    6ffffc1b7000       Deferred        msimg32
PE-Wine     6ffffc3b0000-    6ffffc408000       Deferred        coml2
PE-Wine     6ffffc420000-    6ffffc5ca000       Deferred        combase
PE-Wine     6ffffc5e0000-    6ffffc9b9000       Deferred        ole32
PE-Wine     6ffffc9d0000-    6ffffca24000       Deferred        shcore
PE-Wine     6ffffca40000-    6ffffcb5d000       Deferred        shlwapi
PE-Wine     6ffffcb70000-    6ffffd96a000       Deferred        shell32
PE-Wine     6ffffd980000-    6ffffda02000       Deferred        imm32
PE-Wine     6ffffda20000-    6ffffda63000       Deferred        win32u
PE-Wine     6ffffda80000-    6ffffdd31000       Deferred        gdi32
PE-Wine     6ffffdd50000-    6ffffe33e000       Deferred        user32
PE-Wine     6ffffe5d0000-    6ffffe5f4000       Deferred        cryptbase
PE-Wine     6ffffe610000-    6ffffe8b4000       Deferred        rpcrt4
PE-Wine     6ffffe8d0000-    6ffffe984000       Deferred        ws2_32
PE-Wine     6ffffe9a0000-    6ffffedcf000       Deferred        ucrtbase
PE-Wine     6ffffede0000-    6ffffee6d000       Deferred        sechost
PE-Wine     6ffffee80000-    6fffff216000       Deferred        msvcrt
PE-Wine     6fffff230000-    6fffff35d000       Deferred        advapi32
PE-Wine     6fffff370000-    6fffff9e5000       Dwarf-4         kernelbase
PE-Wine     6fffffa00000-    6fffffbd4000       Deferred        kernel32
PE-Wine     6fffffbf0000-    6ffffffe6000       Deferred        ntdll
ELF         7f8081bea000-    7f8081bf7000       Deferred        libffi.so.8
ELF         7f8081bf7000-    7f8081c79000       Deferred        libgmp.so.10
ELF         7f8081c79000-    7f8081cc1000       Deferred        libhogweed.so.6
ELF         7f8081cc1000-    7f8081d07000       Deferred        libnettle.so.8
ELF         7f8081d07000-    7f8081d1f000       Deferred        libtasn1.so.6
ELF         7f8081d1f000-    7f8081ec9000       Deferred        libunistring.so.2
ELF         7f8081ec9000-    7f8081eea000       Deferred        libidn2.so.0
ELF         7f8081eea000-    7f8082025000       Deferred        libp11-kit.so.0
ELF         7f8082025000-    7f8082210000       Deferred        libgnutls.so.30
ELF         7f8082222000-    7f8082230000       Deferred        bcrypt.so
ELF         7f8082547000-    7f8082567000       Deferred        libgcc_s.so.1
ELF         7f8082569000-    7f8082570000       Deferred        ws2_32.so
ELF         7f808812a000-    7f8088133000       Deferred        libuuid.so.1
ELF         7f8088133000-    7f8088164000       Deferred        libexpat.so.1
ELF         7f8088164000-    7f80881ae000       Deferred        libfontconfig.so.1
ELF         7f80881ae000-    7f80881d1000       Deferred        libbrotlicommon.so.1
ELF         7f80881d1000-    7f80881df000       Deferred        libbrotlidec.so.1
ELF         7f80881df000-    7f80881fb000       Deferred        libz.so.1
ELF         7f80881fb000-    7f8088236000       Deferred        libpng16.so.16
ELF         7f8088236000-    7f80882fe000       Deferred        libfreetype.so.6
ELF         7f80882fe000-    7f80883e5000       Deferred        libm.so.6
ELF         7f80883e5000-    7f8088615000       Deferred        win32u.so
ELF         7f8088a15000-    7f8088a40000       Deferred        liblzma.so.5
ELF         7f8088a40000-    7f8088a5b000       Deferred        libunwind.so.8
ELF         7f8088a5b000-    7f8088b1d000       Export          ntdll.so
ELF         7f8088b20000-    7f8088d49000       Deferred        libc.so.6
ELF         7f8088d49000-    7f8088d4e000       Deferred        dnsapi.so
ELF         7f8088d54000-    7f8088d90000       Deferred        ld-linux-x86-64.so.2
ELF         7f8088d90000-    7f8088d95000       Deferred        <wine-loader>
Threads:
process  tid      prio    name (all IDs are in hex)
00000020 start.exe
	00000024    0     
00000030 services.exe
	00000034    0     
	00000038    0     wine_rpcrt4_server
	0000003c    0     
	00000064    0     wine_threadpool_worker
	00000074    0     wine_rpcrt4_io
	00000078    0     wine_threadpool_worker
	000000b4    0     wine_rpcrt4_io
	000000c8    0     wine_rpcrt4_io
	00000108    0     wine_threadpool_worker
	0000010c    0     wine_threadpool_waitqueue
	00000118    0     wine_rpcrt4_io
	00000134    0     wine_rpcrt4_io
00000050 explorer.exe
	00000054    0     
	0000005c    0     wine_explorer_display_settings_restorer
0000006c winedevice.exe
	00000070    0     
	0000007c    0     
	00000080    0     wine_sechost_service
	00000084    0     
	00000088    0     
	000000d8    0     wine_nsi_notification
000000ac svchost.exe
	000000b0    0     
	000000b8    0     
	000000bc    0     wine_sechost_service
000000c0 plugplay.exe
	000000c4    0     
	000000cc    0     
	000000d0    0     wine_sechost_service
	000000d4    0     wine_rpcrt4_server
	00000144    0     wine_rpcrt4_io
	00000148    0     wine_threadpool_worker
00000110 winedevice.exe
	00000114    0     
	0000011c    0     
	00000120    0     wine_sechost_service
	00000124    0     
	00000128    0     
	0000012c    0     
	00000138    0     
	0000013c    0     
	00000140    0     
0000014c (D) Z:\src\dist\win-x64\PhotoLibrary.exe
	00000150    0 <== 
	00000154    0     .NET EventPipe
	00000158    0     .NET Debugger
	0000015c    2     .NET Finalizer
	00000160    0     .NET Tiered Compilation Worker
	00000170    0     
System information:
    Wine build: wine-11.0
    Platform: x86_64 (guest: i386)
    Version: Windows 10
    Host system: Linux
    Host version: 6.18.5-200.fc43.x86_64
Fatal error. 0x80131506
   at System.Runtime.ExceptionServices.ExceptionDispatchInfo.Throw()
   at System.Runtime.CompilerServices.TaskAwaiter.ThrowForNonSuccess(System.Threading.Tasks.Task)
   at System.Runtime.CompilerServices.TaskAwaiter.HandleNonSuccessAndDebuggerNotification(System.Threading.Tasks.Task, System.Threading.Tasks.ConfigureAwaitOptions)
   at System.Runtime.CompilerServices.TaskAwaiter`1[[System.Int32, System.Private.CoreLib, Version=8.0.0.0, Culture=neutral, PublicKeyToken=7cec85d7bea7798e]].GetResult()
   at PhotoLibrary.Program.<Main>(System.String[])
0150:err:seh:NtRaiseException Unhandled exception code 80131506 flags 0 addr 0x14004d4cb
